Determining if the pthread_create exist failed with the following output:
Change Dir: /home/user/simulation_ws/build/CMakeFiles/CMakeTmp

Run Build Command:"/usr/bin/make" "cmTC_c7247/fast"
/usr/bin/make -f CMakeFiles/cmTC_c7247.dir/build.make CMakeFiles/cmTC_c7247.dir/build
make[1]: Entering directory '/home/user/simulation_ws/build/CMakeFiles/CMakeTmp'
Building C object CMakeFiles/cmTC_c7247.dir/CheckSymbolExists.c.o
/usr/bin/cc     -o CMakeFiles/cmTC_c7247.dir/CheckSymbolExists.c.o   -c /home/user/simulation_ws/build/CMakeFiles/CMakeTmp/CheckSymbolExists.c
Linking C executable cmTC_c7247
/usr/bin/cmake -E cmake_link_script CMakeFiles/cmTC_c7247.dir/link.txt --verbose=1
/usr/bin/cc       CMakeFiles/cmTC_c7247.dir/CheckSymbolExists.c.o  -o cmTC_c7247 -rdynamic 
CMakeFiles/cmTC_c7247.dir/CheckSymbolExists.c.o: In function `main':
CheckSymbolExists.c:(.text+0x16): undefined reference to `pthread_create'
collect2: error: ld returned 1 exit status
CMakeFiles/cmTC_c7247.dir/build.make:97: recipe for target 'cmTC_c7247' failed
make[1]: *** [cmTC_c7247] Error 1
make[1]: Leaving directory '/home/user/simulation_ws/build/CMakeFiles/CMakeTmp'
Makefile:126: recipe for target 'cmTC_c7247/fast' failed
make: *** [cmTC_c7247/fast] Error 2

File /home/user/simulation_ws/build/CMakeFiles/CMakeTmp/CheckSymbolExists.c:
/* */
#include <pthread.h>

int main(int argc, char** argv)
{
  (void)argv;
#ifndef pthread_create
  return ((int*)(&pthread_create))[argc];
#else
  (void)argc;
  return 0;
#endif
}

Determining if the function pthread_create exists in the pthreads failed with the following output:
Change Dir: /home/user/simulation_ws/build/CMakeFiles/CMakeTmp

Run Build Command:"/usr/bin/make" "cmTC_62646/fast"
/usr/bin/make -f CMakeFiles/cmTC_62646.dir/build.make CMakeFiles/cmTC_62646.dir/build
make[1]: Entering directory '/home/user/simulation_ws/build/CMakeFiles/CMakeTmp'
Building C object CMakeFiles/cmTC_62646.dir/CheckFunctionExists.c.o
/usr/bin/cc    -DCHECK_FUNCTION_EXISTS=pthread_create   -o CMakeFiles/cmTC_62646.dir/CheckFunctionExists.c.o   -c /usr/share/cmake-3.5/Modules/CheckFunctionExists.c
Linking C executable cmTC_62646
/usr/bin/cmake -E cmake_link_script CMakeFiles/cmTC_62646.dir/link.txt --verbose=1
/usr/bin/cc   -DCHECK_FUNCTION_EXISTS=pthread_create    CMakeFiles/cmTC_62646.dir/CheckFunctionExists.c.o  -o cmTC_62646 -rdynamic -lpthreads 
/usr/bin/ld: cannot find -lpthreads
collect2: error: ld returned 1 exit status
CMakeFiles/cmTC_62646.dir/build.make:97: recipe for target 'cmTC_62646' failed
make[1]: *** [cmTC_62646] Error 1
make[1]: Leaving directory '/home/user/simulation_ws/build/CMakeFiles/CMakeTmp'
Makefile:126: recipe for target 'cmTC_62646/fast' failed
make: *** [cmTC_62646/fast] Error 2


